Change Component Designator: Old Designator=3.3VDC New Designator=2
Change Component Designator: Old Designator=5VDC New Designator=1
Change Component Designator: Old Designator=25LC256 New Designator=3
Change Component Designator: Old Designator=C1 New Designator=C2
Change Component Designator: Old Designator=C2 New Designator=C3
Change Component Designator: Old Designator=C3 New Designator=C8
Change Component Designator: Old Designator=C4 New Designator=C6
Change Component Designator: Old Designator=C6 New Designator=C1
Change Component Designator: Old Designator=C7 New Designator=C4
Change Component Designator: Old Designator=C8 New Designator=C7
Change Component Designator: Old Designator=D0 New Designator=D1
Change Component Designator: Old Designator=ICSP New Designator=ICSP1
Change Component Designator: Old Designator=LM1117 New Designator=LM1
Change Component Designator: Old Designator=MQ6 New Designator=MQ1
Change Component Designator: Old Designator=MRF24J40MB New Designator=MRF1
Change Component Designator: Old Designator=R1 New Designator=R2
Change Component Designator: Old Designator=R2 New Designator=R3
Change Component Designator: Old Designator=R3 New Designator=R4
Change Component Designator: Old Designator=R4 New Designator=R1
Change Component Designator: Old Designator=R7 New Designator=R5
Change Component Designator: Old Designator=RainSensor New Designator=RainSensor1
Change Component Designator: Old Designator=SHT_CON New Designator=SHT_CON1
Change Component Designator: Old Designator=SW_BUTTON New Designator=SW_BUTTON1
