
ROM used: 348 (8%)
          348 (8%) including unused fragments

          1 Average locations per line
          4 Average locations per statement

RAM used: 24 (9%) at main() level
          27 (11%) worst case

Stack used: 3 worst case (out of 8 total available)

Lines Stmts  %   Files
----- ----- ---  -----
  258    85 100  Microwave.c
   16     0   0  Microwave.h
  277     0   0  C:\Program Files\PICC\devices\16F688.h
----- -----
  551    85 Total

Page ROM  %  RAM   Vol Diff  Functions:
---- --- --- ---   --- ----  ----------
0     61  18   2   285  5.0  EXT_isr
0    102  29   1   333  5.1  TIMER0_handle
 Inline        3             @DIV88
0     11   3   1    56  1.6  RDA_isr
0    103  30   2   578  3.8  MAIN
 Inline        0    47  1.5  enable_timer1
 Inline        0    37  1.1  disable_timer1
0      8   2   0    74  1.6  IDLE_MODE
 Inline        0   110  2.1  OFF_MODE
 Inline        0   181  1.8  ACTIVE_MODE
 Inline        2    33  2.0  wait

Program metrics:
    Functions               10
    Statements              85
    Comments                177
    Volume (V)              2772
    Difficilty (D)          26.1
    Effort to implement (E) 72257
    Time to implement (T)   1 hours, 7 minutes
    Est Delivered Bugs (B)  1
    Cyclomatic Complexity   9
    Maintainability (MI)    118

 Segment     Used  Free
-----------  ----  ----
00000-00003     4  0  
00004-0003E    59  0  
0003F-007FF   285  1700  
00800-00FFF     0  2048  



