Removed Pin From Net: NetName=VCC Pin=C1-1
Removed Pin From Net: NetName=GND Pin=C1-2
Removed Pin From Net: NetName=GND Pin=C2-1
Removed Pin From Net: NetName=GND Pin=C17-2
Removed Pin From Net: NetName=GND Pin=D1-2
Removed Pin From Net: NetName=VCC Pin=IC1-3
Removed Pin From Net: NetName=NetC11_1 Pin=IC2-9
Change Component DesignItemId : Designator=C2 Old DesignItemId=CN2 New DesignItemId=CP3
Change Component DesignItemId : Designator=C3 Old DesignItemId=CN2 New DesignItemId=CP4
Change Component DesignItemId : Designator=C1 Old DesignItemId=CP1 New DesignItemId=CN2
Change Component DesignItemId : Designator=IC1 Old DesignItemId=LM78xx New DesignItemId=LM2576
Change Component Footprint: Designator=C1 Old Footprint=CP1/2.5 New Footprint=SM-0805
Change Component Footprint: Designator=IC1 Old Footprint=QTO-220 New Footprint=936A-02
Change Component Footprint: Designator=C2 Old Footprint=SM-0805 New Footprint=CP1.5/3.4
Change Component Footprint: Designator=C3 Old Footprint=SM-0805 New Footprint=CP1.5/3.4
Change Component Footprint: Designator=VR3 Old Footprint=VR New Footprint=VR1
Change Component Comment : Designator=C1 Old Comment=10uF New Comment=104
Change Component Comment : Designator=C2 Old Comment=104 New Comment=100uF/35V
Change Component Comment : Designator=C3 Old Comment=104 New Comment=1000uF/16V
Change Component Comment : Designator=IC1 Old Comment=LM7805 New Comment=LM2576
Added Component: Designator=J1(JP3)
Added Component: Designator=L1(L/0.4)
Added Pin To Net: NetName=GND Pin=C1-1
Added Pin To Net: NetName=VCC Pin=C1-2
Added Pin To Net: NetName=GND Pin=C2-2
Added Pin To Net: NetName=GND Pin=D1-1
Added Pin To Net: NetName=GND Pin=IC1-3
Added Pin To Net: NetName=GND Pin=IC1-5
Added Pin To Net: NetName=NetC11_1 Pin=IC2-12
Added Pin To Net: NetName=VCC Pin=L1-2
Added Pin To Net: NetName=VCC Pin=VR3-1
Added Pin To Net: NetName=GND Pin=VR3-3
Added Pin To Net: NetName=NetC2_1 Pin=C2-1
Added Pin To Net: NetName=NetC2_1 Pin=IC1-1
Added Net: Name=NetC2_1
Added Pin To Net: NetName=NetD1_2 Pin=D1-2
Added Pin To Net: NetName=NetD1_2 Pin=IC1-2
Added Pin To Net: NetName=NetD1_2 Pin=L1-1
Added Net: Name=NetD1_2
Added Pin To Net: NetName=NetIC1_4 Pin=IC1-4
Added Pin To Net: NetName=NetIC1_4 Pin=VR3-2
Added Net: Name=NetIC1_4
Added Pin To Net: NetName=NetJ1_1 Pin=J1-1
Added Pin To Net: NetName=NetJ1_1 Pin=PIC1-10
Added Net: Name=NetJ1_1
Added Pin To Net: NetName=NetJ1_2 Pin=J1-2
Added Pin To Net: NetName=NetJ1_2 Pin=PIC1-9
Added Net: Name=NetJ1_2
Added Pin To Net: NetName=NetJ1_3 Pin=J1-3
Added Pin To Net: NetName=NetJ1_3 Pin=PIC1-8
Added Net: Name=NetJ1_3
Added Member To Class: ClassName=Microwave Member=Component J1 Jumper 3
Added Member To Class: ClassName=Microwave Member=Component L1 150mH
